app/build/intermediates/manifest_merge_blame_file/debug/manifest-merger-blame-debug-report.txt
1<?xml version="1.0" encoding="utf-8"?>
2<manifest xmlns:android="http://schemas.android.com/apk/res/android"
3    package="com.android.EpubReader"
4    android:versionCode="1"
5    android:versionName="1.0" >
6
7    <uses-sdk
8        android:minSdkVersion="3"
8-->src\main\AndroidManifest.xml
9        android:targetSdkVersion="3" />
9-->src\main\AndroidManifest.xml
10
11    <uses-permission android:name="android.permission.INTERNET" />
11-->src\main\AndroidManifest.xml:6:7-68
11-->src\main\AndroidManifest.xml:6:24-66
12
13    <application
13-->src\main\AndroidManifest.xml:7:5-46:19
14        android:debuggable="true"
15        android:icon="@drawable/applicationentrypointicon"
15-->src\main\AndroidManifest.xml:7:18-68
16        android:label="@string/app_name" >
16-->src\main\AndroidManifest.xml:7:69-101
17        <activity
17-->src\main\AndroidManifest.xml:8:9-14:20
18            android:name="com.sdg.EPUBReader.EpubReader"
18-->src\main\AndroidManifest.xml:8:19-63
19            android:label="@string/app_name"
19-->src\main\AndroidManifest.xml:9:19-51
20            android:theme="@android:style/Theme.Black.NoTitleBar.Fullscreen" >
20-->src\main\AndroidManifest.xml:8:64-128
21            <intent-filter>
21-->src\main\AndroidManifest.xml:10:13-13:29
22                <action android:name="android.intent.action.MAIN" />
22-->src\main\AndroidManifest.xml:11:17-69
22-->src\main\AndroidManifest.xml:11:25-66
23
24                <category android:name="android.intent.category.LAUNCHER" />
24-->src\main\AndroidManifest.xml:12:17-77
24-->src\main\AndroidManifest.xml:12:27-74
25            </intent-filter>
26        </activity>
27        <activity
27-->src\main\AndroidManifest.xml:15:9-139
28            android:name="com.sdg.DisplayManager.Display_Manager"
28-->src\main\AndroidManifest.xml:15:19-72
29            android:theme="@android:style/Theme.Black.NoTitleBar.Fullscreen" />
29-->src\main\AndroidManifest.xml:15:73-137
30        <activity
30-->src\main\AndroidManifest.xml:16:3-129
31            android:name="com.sdg.EPUBReader.LibraryMainPage"
31-->src\main\AndroidManifest.xml:16:13-62
32            android:theme="@android:style/Theme.Black.NoTitleBar.Fullscreen" />
32-->src\main\AndroidManifest.xml:16:63-127
33        <activity
33-->src\main\AndroidManifest.xml:17:10-118
34            android:name="com.sdg.EPUBReader.SettingChange"
34-->src\main\AndroidManifest.xml:17:20-67
35            android:theme="@android:style/Theme.Translucent" />
35-->src\main\AndroidManifest.xml:17:68-116
36        <activity
36-->src\main\AndroidManifest.xml:18:10-115
37            android:name="com.sdg.EPUBReader.ManageHome"
37-->src\main\AndroidManifest.xml:18:20-64
38            android:theme="@android:style/Theme.Translucent" />
38-->src\main\AndroidManifest.xml:18:65-113
39        <activity
39-->src\main\AndroidManifest.xml:19:10-139
40            android:name="com.sdg.EPUBReader.ActiveWindow"
40-->src\main\AndroidManifest.xml:19:20-66
41            android:theme="@android:style/Theme.Translucent.NoTitleBar.Fullscreen" />
41-->src\main\AndroidManifest.xml:19:67-137
42        <activity
42-->src\main\AndroidManifest.xml:20:10-140
43            android:name="com.sdg.EPUBReader.LibraryMainPageList"
43-->src\main\AndroidManifest.xml:20:20-73
44            android:theme="@android:style/Theme.Black.NoTitleBar.Fullscreen" />
44-->src\main\AndroidManifest.xml:20:74-138
45        <activity
45-->src\main\AndroidManifest.xml:21:10-115
46            android:name="com.sdg.EPUBReader.ListScroll"
46-->src\main\AndroidManifest.xml:21:20-64
47            android:theme="@android:style/Theme.Translucent" />
47-->src\main\AndroidManifest.xml:21:65-113
48        <activity
48-->src\main\AndroidManifest.xml:22:10-115
49            android:name="com.sdg.EPUBReader.MyCabinet"
49-->src\main\AndroidManifest.xml:22:20-63
50            android:theme="@android:style/Theme.Translucent" />
50-->src\main\AndroidManifest.xml:22:64-112
51        <activity
51-->src\main\AndroidManifest.xml:23:4-112
52            android:name="com.sdg.EPUBReader.TOC"
52-->src\main\AndroidManifest.xml:23:14-51
53            android:theme="@android:style/Theme.NoTitleBar.Fullscreen" />
53-->src\main\AndroidManifest.xml:23:52-110
54        <activity android:name="com.sdg.EPUBReader.TocLayout" />
54-->src\main\AndroidManifest.xml:24:5-61
54-->src\main\AndroidManifest.xml:24:15-58
55        <activity
55-->src\main\AndroidManifest.xml:25:6-125
56            android:name="com.sdg.EPUBReader.Browser"
56-->src\main\AndroidManifest.xml:25:16-57
57            android:theme="@android:style/Theme.Black.NoTitleBar.Fullscreen" />
57-->src\main\AndroidManifest.xml:25:58-122
58        <activity
58-->src\main\AndroidManifest.xml:26:5-128
59            android:name="com.sdg.EPUBReader.MyCabinetFullText"
59-->src\main\AndroidManifest.xml:26:15-66
60            android:theme="@android:style/Theme.Translucent.NoTitleBar" />
60-->src\main\AndroidManifest.xml:26:67-126
61        <activity
61-->src\main\AndroidManifest.xml:27:6-119
62            android:name="com.sdg.EPUBReader.Sharing"
62-->src\main\AndroidManifest.xml:27:16-57
63            android:theme="@android:style/Theme.Translucent.NoTitleBar" />
63-->src\main\AndroidManifest.xml:27:58-117
64        <activity
64-->src\main\AndroidManifest.xml:28:5-133
65            android:name="com.sdg.EPUBReader.SaveAsNote"
65-->src\main\AndroidManifest.xml:28:15-59
66            android:theme="@android:style/Theme.Translucent.NoTitleBar.Fullscreen" />
66-->src\main\AndroidManifest.xml:28:60-130
67        <activity
67-->src\main\AndroidManifest.xml:30:6-134
68            android:name="com.sdg.Dictionary.Dictionary"
68-->src\main\AndroidManifest.xml:30:16-60
69            android:theme="@android:style/Theme.Translucent.NoTitleBar.Fullscreen" />
69-->src\main\AndroidManifest.xml:30:61-131
70        <activity
70-->src\main\AndroidManifest.xml:31:6-122
71            android:name="com.sdg.EPUBReader.Annotation"
71-->src\main\AndroidManifest.xml:31:16-60
72            android:theme="@android:style/Theme.Translucent.NoTitleBar" />
72-->src\main\AndroidManifest.xml:31:61-120
73        <activity
73-->src\main\AndroidManifest.xml:32:6-122
74            android:name="com.sdg.EPUBReader.AnnotImage"
74-->src\main\AndroidManifest.xml:32:16-60
75            android:theme="@android:style/Theme.Translucent.NoTitleBar" />
75-->src\main\AndroidManifest.xml:32:61-120
76        <activity
76-->src\main\AndroidManifest.xml:33:12-34:78
77            android:name="com.sdg.organizer.Organizer"
77-->src\main\AndroidManifest.xml:33:22-64
78            android:theme="@android:style/Theme.Black.NoTitleBar.Fullscreen" />
78-->src\main\AndroidManifest.xml:34:12-76
79        <activity
79-->src\main\AndroidManifest.xml:35:9-126
80            android:name="com.sdg.organizer.CategoryEdit"
80-->src\main\AndroidManifest.xml:35:19-64
81            android:theme="@android:style/Theme.Translucent.NoTitleBar" />
81-->src\main\AndroidManifest.xml:35:65-124
82        <activity
82-->src\main\AndroidManifest.xml:36:3-37:72
83            android:name="com.sdg.organizer.NoteOrganizer"
83-->src\main\AndroidManifest.xml:36:13-59
84            android:theme="@android:style/Theme.Black.NoTitleBar.Fullscreen" />
84-->src\main\AndroidManifest.xml:37:6-70
85        <activity
85-->src\main\AndroidManifest.xml:38:3-39:67
86            android:name="com.sdg.organizer.NotesListScroll"
86-->src\main\AndroidManifest.xml:38:13-61
87            android:theme="@android:style/Theme.Translucent.NoTitleBar" />
87-->src\main\AndroidManifest.xml:39:6-65
88        <activity
88-->src\main\AndroidManifest.xml:40:3-41:67
89            android:name="com.sdg.organizer.CategoryList"
89-->src\main\AndroidManifest.xml:40:13-58
90            android:theme="@android:style/Theme.Translucent.NoTitleBar" />
90-->src\main\AndroidManifest.xml:41:6-65
91        <activity
91-->src\main\AndroidManifest.xml:42:3-43:67
92            android:name="com.sdg.organizer.MoveInfo"
92-->src\main\AndroidManifest.xml:42:13-54
93            android:theme="@android:style/Theme.Translucent.NoTitleBar" />
93-->src\main\AndroidManifest.xml:43:6-65
94    </application>
95
96</manifest>